<2025-12-30일>
[진행상황]
영규: 조명, 텍스쳐 완료
현석: 유니티로 Volumetric Fog 구현해봤음
영준: 네트워크 라이브러리 제작 완료

[회의내용]
- 각 스테이지를 가볍게 구현 or 구현 방법을 잘 찾아봐야 한다
-> 구현은 엔진이여도 가능하긴 하다
- 안개와 CSM은 기술요소로서 겹칠 수 없음
-> LOD, 컬링에서 찾거나, 적의 움직임에서 컨텐츠 구현의 끝까지 생각해봐야되는 내용
-> 구현은 쉽지만 적용은 어려운 것들

- 제한된 스테이지에 적을 투입하는 방법
- "군집 단위 적 제어"
- 적을 겹치지 않게 배치해주고
- 군집 단위로 목표를 정하고
- 정한 목표에 따라 군집에 속한 적들에게 목표를 정해줌
-> 목표는 고정적으로 지정해 줄 수도 있고, 행위 트리에서 사용할 수 있는 가중치로 제공도 가능하다.


[1/6일까지]
1) 영규
- Terrain, 감마보정, 
- (옵션) 컴포넌트 기초

2) 현석 
- 에셋들 여러가지 프레임워크 안에 넣고 400 * 400 월드를 그려봐라 
-> 기획서에 있는 스테이지 컨셉중 하나를 정해라 안개 빼고

- (옵션) 엔진 or 다렉에서 적이 그 월드에서 진짜로 플레이어를 쫓아오게 만들어봐라
-> 장애물을 고려하고, "눈에 보이기에" 그럴싸해보이도록

3) 영준
- 서버 프레임워크 완공하기
- (옵션) 현석이와 같다
-> 동기화는 고려할 것, 군집 단위 적 제어 위주